<?xml version="1.0" encoding="UTF-8"?>
<coverage generated="1701640771488" clover="3.2.0">
  <project timestamp="1701640771488" name="All files">
    <metrics statements="34" coveredstatements="31" conditionals="22" coveredconditionals="21" methods="2" coveredmethods="2" elements="58" coveredelements="54" complexity="0" loc="34" ncloc="34" packages="1" files="1" classes="1"/>
    <file name="bingoGame.js" path="/Users/max/Desktop/dev-projects/bingo/bingoGame.js">
      <metrics statements="34" coveredstatements="31" conditionals="22" coveredconditionals="21" methods="2" coveredmethods="2"/>
      <line num="1" count="1" type="stmt"/>
      <line num="2" count="6" type="cond" truecount="6" falsecount="0"/>
      <line num="5" count="2" type="cond" truecount="1" falsecount="1"/>
      <line num="6" count="0" type="stmt"/>
      <line num="7" count="0" type="stmt"/>
      <line num="8" count="0" type="stmt"/>
      <line num="11" count="2" type="stmt"/>
      <line num="12" count="6" type="stmt"/>
      <line num="13" count="6" type="stmt"/>
      <line num="14" count="6" type="stmt"/>
      <line num="15" count="6" type="cond" truecount="4" falsecount="0"/>
      <line num="16" count="5" type="stmt"/>
      <line num="17" count="5" type="stmt"/>
      <line num="20" count="2" type="stmt"/>
      <line num="24" count="1" type="stmt"/>
      <line num="25" count="9" type="stmt"/>
      <line num="28" count="9" type="stmt"/>
      <line num="29" count="9" type="stmt"/>
      <line num="32" count="9" type="stmt"/>
      <line num="34" count="90" type="stmt"/>
      <line num="36" count="295" type="stmt"/>
      <line num="37" count="1354" type="cond" truecount="2" falsecount="0"/>
      <line num="38" count="70" type="stmt"/>
      <line num="39" count="70" type="stmt"/>
      <line num="40" count="70" type="cond" truecount="4" falsecount="0"/>
      <line num="41" count="5" type="cond" truecount="2" falsecount="0"/>
      <line num="42" count="3" type="stmt"/>
      <line num="44" count="5" type="cond" truecount="2" falsecount="0"/>
      <line num="45" count="2" type="stmt"/>
      <line num="47" count="5" type="stmt"/>
      <line num="49" count="65" type="stmt"/>
      <line num="54" count="4" type="stmt"/>
      <line num="55" count="4" type="stmt"/>
      <line num="58" count="1" type="stmt"/>
    </file>
  </project>
</coverage>
