<?xml version="1.0" encoding="UTF-8"?>
<coverage generated="1701710276641" clover="3.2.0">
  <project timestamp="1701710276641" name="All files">
    <metrics statements="54" coveredstatements="51" conditionals="32" coveredconditionals="31" methods="7" coveredmethods="7" elements="93" coveredelements="89" complexity="0" loc="54" ncloc="54" packages="1" files="2" classes="2"/>
    <file name="bingoGame.js" path="/Users/max/Desktop/dev-projects/bingo/bingoGame.js">
      <metrics statements="38" coveredstatements="35" conditionals="22" coveredconditionals="21" methods="3" coveredmethods="3"/>
      <line num="1" count="1" type="stmt"/>
      <line num="2" count="6" type="cond" truecount="2" falsecount="0"/>
      <line num="3" count="4" type="stmt"/>
      <line num="4" count="4" type="stmt"/>
      <line num="8" count="2" type="cond" truecount="1" falsecount="1"/>
      <line num="9" count="0" type="stmt"/>
      <line num="10" count="0" type="stmt"/>
      <line num="11" count="0" type="stmt"/>
      <line num="14" count="2" type="stmt"/>
      <line num="15" count="6" type="stmt"/>
      <line num="16" count="6" type="stmt"/>
      <line num="17" count="6" type="stmt"/>
      <line num="18" count="6" type="cond" truecount="4" falsecount="0"/>
      <line num="19" count="5" type="stmt"/>
      <line num="20" count="5" type="stmt"/>
      <line num="23" count="2" type="stmt"/>
      <line num="27" count="1" type="stmt"/>
      <line num="28" count="9" type="stmt"/>
      <line num="31" count="9" type="stmt"/>
      <line num="32" count="9" type="stmt"/>
      <line num="35" count="9" type="stmt"/>
      <line num="37" count="90" type="stmt"/>
      <line num="39" count="295" type="stmt"/>
      <line num="40" count="1354" type="cond" truecount="2" falsecount="0"/>
      <line num="41" count="70" type="stmt"/>
      <line num="42" count="70" type="stmt"/>
      <line num="43" count="70" type="cond" truecount="4" falsecount="0"/>
      <line num="44" count="5" type="cond" truecount="2" falsecount="0"/>
      <line num="45" count="3" type="stmt"/>
      <line num="47" count="5" type="cond" truecount="2" falsecount="0"/>
      <line num="48" count="2" type="stmt"/>
      <line num="50" count="5" type="stmt"/>
      <line num="52" count="65" type="stmt"/>
      <line num="57" count="4" type="stmt"/>
      <line num="58" count="4" type="stmt"/>
      <line num="61" count="1" type="stmt"/>
      <line num="62" count="6" type="stmt"/>
      <line num="70" count="1" type="stmt"/>
    </file>
    <file name="fileReader.js" path="/Users/max/Desktop/dev-projects/bingo/fileReader.js">
      <metrics statements="16" coveredstatements="16" conditionals="10" coveredconditionals="10" methods="4" coveredmethods="4"/>
      <line num="1" count="1" type="stmt"/>
      <line num="4" count="3" type="stmt"/>
      <line num="5" count="3" type="stmt"/>
      <line num="6" count="3" type="cond" truecount="4" falsecount="0"/>
      <line num="7" count="1" type="stmt"/>
      <line num="9" count="2" type="cond" truecount="2" falsecount="0"/>
      <line num="10" count="1" type="stmt"/>
      <line num="12" count="1" type="stmt"/>
      <line num="16" count="3" type="stmt"/>
      <line num="17" count="3" type="stmt"/>
      <line num="18" count="3" type="stmt"/>
      <line num="19" count="7" type="stmt"/>
      <line num="21" count="3" type="cond" truecount="4" falsecount="0"/>
      <line num="22" count="2" type="stmt"/>
      <line num="24" count="1" type="stmt"/>
      <line num="27" count="1" type="stmt"/>
    </file>
  </project>
</coverage>
