{"/Users/max/Desktop/dev-projects/bingo/bingoGame.js": {"path":"/Users/max/Desktop/dev-projects/bingo/bingoGame.js","statementMap":{"0":{"start":{"line":1,"column":22},"end":{"line":25,"column":1}},"1":{"start":{"line":2,"column":2},"end":{"line":5,"column":3}},"2":{"start":{"line":3,"column":4},"end":{"line":3,"column":81}},"3":{"start":{"line":4,"column":4},"end":{"line":4,"column":11}},"4":{"start":{"line":8,"column":2},"end":{"line":24,"column":3}},"5":{"start":{"line":9,"column":22},"end":{"line":9,"column":35}},"6":{"start":{"line":10,"column":30},"end":{"line":10,"column":65}},"7":{"start":{"line":11,"column":4},"end":{"line":11,"column":31}},"8":{"start":{"line":14,"column":4},"end":{"line":22,"column":5}},"9":{"start":{"line":14,"column":20},"end":{"line":14,"column":21}},"10":{"start":{"line":15,"column":24},"end":{"line":15,"column":40}},"11":{"start":{"line":16,"column":43},"end":{"line":16,"column":78}},"12":{"start":{"line":17,"column":6},"end":{"line":17,"column":33}},"13":{"start":{"line":18,"column":6},"end":{"line":21,"column":7}},"14":{"start":{"line":19,"column":8},"end":{"line":19,"column":37}},"15":{"start":{"line":20,"column":8},"end":{"line":20,"column":31}},"16":{"start":{"line":23,"column":4},"end":{"line":23,"column":92}},"17":{"start":{"line":27,"column":19},"end":{"line":59,"column":1}},"18":{"start":{"line":28,"column":22},"end":{"line":28,"column":34}},"19":{"start":{"line":31,"column":19},"end":{"line":31,"column":54}},"20":{"start":{"line":32,"column":22},"end":{"line":32,"column":60}},"21":{"start":{"line":35,"column":2},"end":{"line":56,"column":3}},"22":{"start":{"line":35,"column":11},"end":{"line":56,"column":3}},"23":{"start":{"line":35,"column":24},"end":{"line":35,"column":25}},"24":{"start":{"line":37,"column":4},"end":{"line":55,"column":5}},"25":{"start":{"line":37,"column":10},"end":{"line":55,"column":5}},"26":{"start":{"line":37,"column":23},"end":{"line":37,"column":24}},"27":{"start":{"line":39,"column":6},"end":{"line":54,"column":7}},"28":{"start":{"line":39,"column":15},"end":{"line":54,"column":7}},"29":{"start":{"line":39,"column":28},"end":{"line":39,"column":29}},"30":{"start":{"line":40,"column":8},"end":{"line":53,"column":9}},"31":{"start":{"line":41,"column":10},"end":{"line":41,"column":27}},"32":{"start":{"line":42,"column":10},"end":{"line":42,"column":30}},"33":{"start":{"line":43,"column":10},"end":{"line":51,"column":11}},"34":{"start":{"line":44,"column":12},"end":{"line":46,"column":13}},"35":{"start":{"line":45,"column":14},"end":{"line":45,"column":46}},"36":{"start":{"line":47,"column":12},"end":{"line":49,"column":13}},"37":{"start":{"line":48,"column":14},"end":{"line":48,"column":49}},"38":{"start":{"line":50,"column":12},"end":{"line":50,"column":38}},"39":{"start":{"line":52,"column":10},"end":{"line":52,"column":21}},"40":{"start":{"line":57,"column":2},"end":{"line":57,"column":36}},"41":{"start":{"line":58,"column":2},"end":{"line":58,"column":30}},"42":{"start":{"line":61,"column":21},"end":{"line":68,"column":1}},"43":{"start":{"line":62,"column":2},"end":{"line":67,"column":4}},"44":{"start":{"line":70,"column":0},"end":{"line":73,"column":2}}},"fnMap":{"0":{"name":"(anonymous_0)","decl":{"start":{"line":1,"column":22},"end":{"line":1,"column":23}},"loc":{"start":{"line":1,"column":52},"end":{"line":25,"column":1}},"line":1},"1":{"name":"(anonymous_1)","decl":{"start":{"line":27,"column":19},"end":{"line":27,"column":20}},"loc":{"start":{"line":27,"column":48},"end":{"line":59,"column":1}},"line":27},"2":{"name":"(anonymous_2)","decl":{"start":{"line":61,"column":21},"end":{"line":61,"column":22}},"loc":{"start":{"line":61,"column":51},"end":{"line":68,"column":1}},"line":61}},"branchMap":{"0":{"loc":{"start":{"line":2,"column":2},"end":{"line":5,"column":3}},"type":"if","locations":[{"start":{"line":2,"column":2},"end":{"line":5,"column":3}},{"start":{},"end":{}}],"line":2},"1":{"loc":{"start":{"line":8,"column":2},"end":{"line":24,"column":3}},"type":"if","locations":[{"start":{"line":8,"column":2},"end":{"line":24,"column":3}},{"start":{"line":12,"column":9},"end":{"line":24,"column":3}}],"line":8},"2":{"loc":{"start":{"line":18,"column":6},"end":{"line":21,"column":7}},"type":"if","locations":[{"start":{"line":18,"column":6},"end":{"line":21,"column":7}},{"start":{},"end":{}}],"line":18},"3":{"loc":{"start":{"line":18,"column":10},"end":{"line":18,"column":57}},"type":"binary-expr","locations":[{"start":{"line":18,"column":10},"end":{"line":18,"column":38}},{"start":{"line":18,"column":42},"end":{"line":18,"column":57}}],"line":18},"4":{"loc":{"start":{"line":40,"column":8},"end":{"line":53,"column":9}},"type":"if","locations":[{"start":{"line":40,"column":8},"end":{"line":53,"column":9}},{"start":{},"end":{}}],"line":40},"5":{"loc":{"start":{"line":43,"column":10},"end":{"line":51,"column":11}},"type":"if","locations":[{"start":{"line":43,"column":10},"end":{"line":51,"column":11}},{"start":{},"end":{}}],"line":43},"6":{"loc":{"start":{"line":43,"column":14},"end":{"line":43,"column":53}},"type":"binary-expr","locations":[{"start":{"line":43,"column":14},"end":{"line":43,"column":30}},{"start":{"line":43,"column":34},"end":{"line":43,"column":53}}],"line":43},"7":{"loc":{"start":{"line":44,"column":12},"end":{"line":46,"column":13}},"type":"if","locations":[{"start":{"line":44,"column":12},"end":{"line":46,"column":13}},{"start":{},"end":{}}],"line":44},"8":{"loc":{"start":{"line":47,"column":12},"end":{"line":49,"column":13}},"type":"if","locations":[{"start":{"line":47,"column":12},"end":{"line":49,"column":13}},{"start":{},"end":{}}],"line":47},"9":{"loc":{"start":{"line":63,"column":4},"end":{"line":66,"column":25}},"type":"binary-expr","locations":[{"start":{"line":63,"column":4},"end":{"line":63,"column":31}},{"start":{"line":64,"column":4},"end":{"line":64,"column":29}},{"start":{"line":65,"column":4},"end":{"line":65,"column":27}},{"start":{"line":66,"column":4},"end":{"line":66,"column":25}}],"line":63}},"s":{"0":1,"1":6,"2":4,"3":4,"4":2,"5":0,"6":0,"7":0,"8":2,"9":2,"10":6,"11":6,"12":6,"13":6,"14":5,"15":5,"16":2,"17":1,"18":9,"19":9,"20":9,"21":9,"22":9,"23":9,"24":90,"25":90,"26":90,"27":295,"28":295,"29":295,"30":1354,"31":70,"32":70,"33":70,"34":5,"35":3,"36":5,"37":2,"38":5,"39":65,"40":4,"41":4,"42":1,"43":6,"44":1},"f":{"0":6,"1":9,"2":6},"b":{"0":[4,2],"1":[0,2],"2":[5,1],"3":[6,5],"4":[70,1284],"5":[5,65],"6":[70,67],"7":[3,2],"8":[2,3],"9":[6,5,4,3]},"_coverageSchema":"1a1c01bbd47fc00a2c39e90264f33305004495a9","hash":"cc60c1bed00a257cb18e0f309587a790dc982924"}
,"/Users/max/Desktop/dev-projects/bingo/fileReader.js": {"path":"/Users/max/Desktop/dev-projects/bingo/fileReader.js","statementMap":{"0":{"start":{"line":1,"column":11},"end":{"line":1,"column":24}},"1":{"start":{"line":4,"column":21},"end":{"line":4,"column":54}},"2":{"start":{"line":5,"column":23},"end":{"line":5,"column":56}},"3":{"start":{"line":6,"column":2},"end":{"line":8,"column":3}},"4":{"start":{"line":7,"column":4},"end":{"line":7,"column":14}},"5":{"start":{"line":9,"column":2},"end":{"line":11,"column":3}},"6":{"start":{"line":10,"column":4},"end":{"line":10,"column":14}},"7":{"start":{"line":12,"column":2},"end":{"line":12,"column":22}},"8":{"start":{"line":16,"column":21},"end":{"line":16,"column":54}},"9":{"start":{"line":17,"column":21},"end":{"line":17,"column":52}},"10":{"start":{"line":18,"column":15},"end":{"line":20,"column":4}},"11":{"start":{"line":19,"column":4},"end":{"line":19,"column":60}},"12":{"start":{"line":19,"column":33},"end":{"line":19,"column":59}},"13":{"start":{"line":21,"column":2},"end":{"line":23,"column":3}},"14":{"start":{"line":22,"column":4},"end":{"line":22,"column":14}},"15":{"start":{"line":24,"column":2},"end":{"line":24,"column":16}},"16":{"start":{"line":27,"column":0},"end":{"line":30,"column":2}}},"fnMap":{"0":{"name":"readNumbers","decl":{"start":{"line":3,"column":9},"end":{"line":3,"column":20}},"loc":{"start":{"line":3,"column":31},"end":{"line":13,"column":1}},"line":3},"1":{"name":"readCard","decl":{"start":{"line":15,"column":9},"end":{"line":15,"column":17}},"loc":{"start":{"line":15,"column":28},"end":{"line":25,"column":1}},"line":15},"2":{"name":"(anonymous_2)","decl":{"start":{"line":18,"column":30},"end":{"line":18,"column":31}},"loc":{"start":{"line":19,"column":4},"end":{"line":19,"column":60}},"line":19},"3":{"name":"(anonymous_3)","decl":{"start":{"line":19,"column":26},"end":{"line":19,"column":27}},"loc":{"start":{"line":19,"column":33},"end":{"line":19,"column":59}},"line":19}},"branchMap":{"0":{"loc":{"start":{"line":6,"column":2},"end":{"line":8,"column":3}},"type":"if","locations":[{"start":{"line":6,"column":2},"end":{"line":8,"column":3}},{"start":{},"end":{}}],"line":6},"1":{"loc":{"start":{"line":6,"column":6},"end":{"line":6,"column":51}},"type":"binary-expr","locations":[{"start":{"line":6,"column":6},"end":{"line":6,"column":31}},{"start":{"line":6,"column":35},"end":{"line":6,"column":51}}],"line":6},"2":{"loc":{"start":{"line":9,"column":2},"end":{"line":11,"column":3}},"type":"if","locations":[{"start":{"line":9,"column":2},"end":{"line":11,"column":3}},{"start":{},"end":{}}],"line":9},"3":{"loc":{"start":{"line":21,"column":2},"end":{"line":23,"column":3}},"type":"if","locations":[{"start":{"line":21,"column":2},"end":{"line":23,"column":3}},{"start":{},"end":{}}],"line":21},"4":{"loc":{"start":{"line":21,"column":6},"end":{"line":21,"column":45}},"type":"binary-expr","locations":[{"start":{"line":21,"column":6},"end":{"line":21,"column":25}},{"start":{"line":21,"column":29},"end":{"line":21,"column":45}}],"line":21}},"s":{"0":1,"1":3,"2":3,"3":3,"4":1,"5":2,"6":1,"7":1,"8":3,"9":3,"10":3,"11":3,"12":7,"13":3,"14":2,"15":1,"16":1},"f":{"0":3,"1":3,"2":3,"3":7},"b":{"0":[1,2],"1":[3,1],"2":[1,1],"3":[2,1],"4":[3,3]},"_coverageSchema":"1a1c01bbd47fc00a2c39e90264f33305004495a9","hash":"9382ddeebec99285ba8b2590075de65b4b7e7418"}
}
