{"/Users/max/Desktop/dev-projects/bingo/bingoGame.js": {"path":"/Users/max/Desktop/dev-projects/bingo/bingoGame.js","statementMap":{"0":{"start":{"line":1,"column":22},"end":{"line":22,"column":1}},"1":{"start":{"line":2,"column":2},"end":{"line":2,"column":119}},"2":{"start":{"line":2,"column":112},"end":{"line":2,"column":119}},"3":{"start":{"line":5,"column":2},"end":{"line":21,"column":3}},"4":{"start":{"line":6,"column":22},"end":{"line":6,"column":35}},"5":{"start":{"line":7,"column":30},"end":{"line":7,"column":65}},"6":{"start":{"line":8,"column":4},"end":{"line":8,"column":31}},"7":{"start":{"line":11,"column":4},"end":{"line":19,"column":5}},"8":{"start":{"line":11,"column":20},"end":{"line":11,"column":21}},"9":{"start":{"line":12,"column":24},"end":{"line":12,"column":40}},"10":{"start":{"line":13,"column":43},"end":{"line":13,"column":78}},"11":{"start":{"line":14,"column":6},"end":{"line":14,"column":33}},"12":{"start":{"line":15,"column":6},"end":{"line":18,"column":7}},"13":{"start":{"line":16,"column":8},"end":{"line":16,"column":37}},"14":{"start":{"line":17,"column":8},"end":{"line":17,"column":31}},"15":{"start":{"line":20,"column":4},"end":{"line":20,"column":92}},"16":{"start":{"line":24,"column":19},"end":{"line":56,"column":1}},"17":{"start":{"line":25,"column":22},"end":{"line":25,"column":34}},"18":{"start":{"line":28,"column":19},"end":{"line":28,"column":54}},"19":{"start":{"line":29,"column":22},"end":{"line":29,"column":60}},"20":{"start":{"line":32,"column":2},"end":{"line":53,"column":3}},"21":{"start":{"line":32,"column":11},"end":{"line":53,"column":3}},"22":{"start":{"line":32,"column":24},"end":{"line":32,"column":25}},"23":{"start":{"line":34,"column":4},"end":{"line":52,"column":5}},"24":{"start":{"line":34,"column":10},"end":{"line":52,"column":5}},"25":{"start":{"line":34,"column":23},"end":{"line":34,"column":24}},"26":{"start":{"line":36,"column":6},"end":{"line":51,"column":7}},"27":{"start":{"line":36,"column":15},"end":{"line":51,"column":7}},"28":{"start":{"line":36,"column":28},"end":{"line":36,"column":29}},"29":{"start":{"line":37,"column":8},"end":{"line":50,"column":9}},"30":{"start":{"line":38,"column":10},"end":{"line":38,"column":27}},"31":{"start":{"line":39,"column":10},"end":{"line":39,"column":30}},"32":{"start":{"line":40,"column":10},"end":{"line":48,"column":11}},"33":{"start":{"line":41,"column":12},"end":{"line":43,"column":13}},"34":{"start":{"line":42,"column":14},"end":{"line":42,"column":46}},"35":{"start":{"line":44,"column":12},"end":{"line":46,"column":13}},"36":{"start":{"line":45,"column":14},"end":{"line":45,"column":49}},"37":{"start":{"line":47,"column":12},"end":{"line":47,"column":38}},"38":{"start":{"line":49,"column":10},"end":{"line":49,"column":21}},"39":{"start":{"line":54,"column":2},"end":{"line":54,"column":36}},"40":{"start":{"line":55,"column":2},"end":{"line":55,"column":30}},"41":{"start":{"line":58,"column":0},"end":{"line":61,"column":2}}},"fnMap":{"0":{"name":"(anonymous_0)","decl":{"start":{"line":1,"column":22},"end":{"line":1,"column":23}},"loc":{"start":{"line":1,"column":52},"end":{"line":22,"column":1}},"line":1},"1":{"name":"(anonymous_1)","decl":{"start":{"line":24,"column":19},"end":{"line":24,"column":20}},"loc":{"start":{"line":24,"column":48},"end":{"line":56,"column":1}},"line":24}},"branchMap":{"0":{"loc":{"start":{"line":2,"column":2},"end":{"line":2,"column":119}},"type":"if","locations":[{"start":{"line":2,"column":2},"end":{"line":2,"column":119}},{"start":{},"end":{}}],"line":2},"1":{"loc":{"start":{"line":2,"column":6},"end":{"line":2,"column":110}},"type":"binary-expr","locations":[{"start":{"line":2,"column":6},"end":{"line":2,"column":26}},{"start":{"line":2,"column":30},"end":{"line":2,"column":58}},{"start":{"line":2,"column":62},"end":{"line":2,"column":80}},{"start":{"line":2,"column":84},"end":{"line":2,"column":110}}],"line":2},"2":{"loc":{"start":{"line":5,"column":2},"end":{"line":21,"column":3}},"type":"if","locations":[{"start":{"line":5,"column":2},"end":{"line":21,"column":3}},{"start":{"line":9,"column":9},"end":{"line":21,"column":3}}],"line":5},"3":{"loc":{"start":{"line":15,"column":6},"end":{"line":18,"column":7}},"type":"if","locations":[{"start":{"line":15,"column":6},"end":{"line":18,"column":7}},{"start":{},"end":{}}],"line":15},"4":{"loc":{"start":{"line":15,"column":10},"end":{"line":15,"column":57}},"type":"binary-expr","locations":[{"start":{"line":15,"column":10},"end":{"line":15,"column":38}},{"start":{"line":15,"column":42},"end":{"line":15,"column":57}}],"line":15},"5":{"loc":{"start":{"line":37,"column":8},"end":{"line":50,"column":9}},"type":"if","locations":[{"start":{"line":37,"column":8},"end":{"line":50,"column":9}},{"start":{},"end":{}}],"line":37},"6":{"loc":{"start":{"line":40,"column":10},"end":{"line":48,"column":11}},"type":"if","locations":[{"start":{"line":40,"column":10},"end":{"line":48,"column":11}},{"start":{},"end":{}}],"line":40},"7":{"loc":{"start":{"line":40,"column":14},"end":{"line":40,"column":53}},"type":"binary-expr","locations":[{"start":{"line":40,"column":14},"end":{"line":40,"column":30}},{"start":{"line":40,"column":34},"end":{"line":40,"column":53}}],"line":40},"8":{"loc":{"start":{"line":41,"column":12},"end":{"line":43,"column":13}},"type":"if","locations":[{"start":{"line":41,"column":12},"end":{"line":43,"column":13}},{"start":{},"end":{}}],"line":41},"9":{"loc":{"start":{"line":44,"column":12},"end":{"line":46,"column":13}},"type":"if","locations":[{"start":{"line":44,"column":12},"end":{"line":46,"column":13}},{"start":{},"end":{}}],"line":44}},"s":{"0":1,"1":6,"2":4,"3":2,"4":0,"5":0,"6":0,"7":2,"8":2,"9":6,"10":6,"11":6,"12":6,"13":5,"14":5,"15":2,"16":1,"17":9,"18":9,"19":9,"20":9,"21":9,"22":9,"23":90,"24":90,"25":90,"26":295,"27":295,"28":295,"29":1354,"30":70,"31":70,"32":70,"33":5,"34":3,"35":5,"36":2,"37":5,"38":65,"39":4,"40":4,"41":1},"f":{"0":6,"1":9},"b":{"0":[4,2],"1":[6,5,4,3],"2":[0,2],"3":[5,1],"4":[6,5],"5":[70,1284],"6":[5,65],"7":[70,67],"8":[3,2],"9":[2,3]},"_coverageSchema":"1a1c01bbd47fc00a2c39e90264f33305004495a9","hash":"d070675f242413dede6ccb99381392f5f97d244c"}
}
