TN:
SF:bingoGame.js
FN:1,(anonymous_0)
FN:24,(anonymous_1)
FNF:2
FNH:2
FNDA:6,(anonymous_0)
FNDA:9,(anonymous_1)
DA:1,1
DA:2,6
DA:5,2
DA:6,0
DA:7,0
DA:8,0
DA:11,2
DA:12,6
DA:13,6
DA:14,6
DA:15,6
DA:16,5
DA:17,5
DA:20,2
DA:24,1
DA:25,9
DA:28,9
DA:29,9
DA:32,9
DA:34,90
DA:36,295
DA:37,1354
DA:38,70
DA:39,70
DA:40,70
DA:41,5
DA:42,3
DA:44,5
DA:45,2
DA:47,5
DA:49,65
DA:54,4
DA:55,4
DA:58,1
LF:34
LH:31
BRDA:2,0,0,4
BRDA:2,0,1,2
BRDA:2,1,0,6
BRDA:2,1,1,5
BRDA:2,1,2,4
BRDA:2,1,3,3
BRDA:5,2,0,0
BRDA:5,2,1,2
BRDA:15,3,0,5
BRDA:15,3,1,1
BRDA:15,4,0,6
BRDA:15,4,1,5
BRDA:37,5,0,70
BRDA:37,5,1,1284
BRDA:40,6,0,5
BRDA:40,6,1,65
BRDA:40,7,0,70
BRDA:40,7,1,67
BRDA:41,8,0,3
BRDA:41,8,1,2
BRDA:44,9,0,2
BRDA:44,9,1,3
BRF:22
BRH:21
end_of_record
