TN:
SF:bingoGame.js
FN:1,(anonymous_0)
FN:18,(anonymous_1)
FN:50,(anonymous_2)
FN:59,(anonymous_3)
FN:65,(anonymous_4)
FN:68,(anonymous_5)
FNF:6
FNH:6
FNDA:6,(anonymous_0)
FNDA:12,(anonymous_1)
FNDA:11,(anonymous_2)
FNDA:13,(anonymous_3)
FNDA:3,(anonymous_4)
FNDA:9,(anonymous_5)
DA:1,1
DA:2,6
DA:3,4
DA:4,4
DA:8,2
DA:9,0
DA:10,0
DA:11,0
DA:13,2
DA:14,2
DA:18,1
DA:19,12
DA:21,12
DA:24,12
DA:26,131
DA:28,409
DA:29,1852
DA:30,111
DA:31,111
DA:32,111
DA:33,8
DA:34,5
DA:36,8
DA:37,3
DA:39,8
DA:41,103
DA:46,4
DA:47,4
DA:50,1
DA:51,11
DA:59,1
DA:60,13
DA:61,13
DA:62,13
DA:65,1
DA:68,3
DA:69,9
DA:70,9
DA:72,9
DA:73,5
DA:74,5
DA:78,3
DA:81,1
LF:43
LH:40
BRDA:2,0,0,4
BRDA:2,0,1,2
BRDA:8,1,0,0
BRDA:8,1,1,2
BRDA:29,2,0,111
BRDA:29,2,1,1741
BRDA:32,3,0,8
BRDA:32,3,1,103
BRDA:32,4,0,111
BRDA:32,4,1,106
BRDA:33,5,0,5
BRDA:33,5,1,3
BRDA:36,6,0,3
BRDA:36,6,1,5
BRDA:52,7,0,11
BRDA:52,7,1,9
BRDA:52,7,2,7
BRDA:52,7,3,5
BRDA:72,8,0,5
BRDA:72,8,1,4
BRDA:72,9,0,9
BRDA:72,9,1,7
BRF:22
BRH:21
end_of_record
TN:
SF:fileReader.js
FN:3,readNumbers
FN:15,readCard
FN:18,(anonymous_2)
FN:19,(anonymous_3)
FNF:4
FNH:4
FNDA:3,readNumbers
FNDA:3,readCard
FNDA:3,(anonymous_2)
FNDA:7,(anonymous_3)
DA:1,1
DA:4,3
DA:5,3
DA:6,3
DA:7,1
DA:9,2
DA:10,1
DA:12,1
DA:16,3
DA:17,3
DA:18,3
DA:19,7
DA:21,3
DA:22,2
DA:24,1
DA:27,1
LF:16
LH:16
BRDA:6,0,0,1
BRDA:6,0,1,2
BRDA:6,1,0,3
BRDA:6,1,1,1
BRDA:9,2,0,1
BRDA:9,2,1,1
BRDA:21,3,0,2
BRDA:21,3,1,1
BRDA:21,4,0,3
BRDA:21,4,1,3
BRF:10
BRH:10
end_of_record
